# JRE version: Java(TM) SE Runtime Environment (8.0_281-b09) (build 1.8.0_281-b09)
# Java VM: Java HotSpot(TM) 64-Bit Server VM (25.281-b09 mixed mode windows-amd64 compressed oops)
Heap:
 PSYoungGen      total 253440K, used 140316K [0x00000000eab00000, 0x00000000fbd80000, 0x0000000100000000)
  eden space 225280K, 59% used [0x00000000eab00000,0x00000000f2eff1d8,0x00000000f8700000)
  from space 28160K, 18% used [0x00000000f8700000,0x00000000f8c08000,0x00000000fa280000)
  to   space 26624K, 0% used [0x00000000fa380000,0x00000000fa380000,0x00000000fbd80000)
 ParOldGen       total 598016K, used 398714K [0x00000000c0000000, 0x00000000e4800000, 0x00000000eab00000)
  object space 598016K, 66% used [0x00000000c0000000,0x00000000d855e928,0x00000000e4800000)
 Metaspace       used 14640K, capacity 15336K, committed 15616K, reserved 1062912K
  class space    used 2131K, capacity 2259K, committed 2304K, reserved 1048576K
GC Heap History (10 events):
Event: 17.614 GC heap before
{Heap before GC invocations=99 (full 36):
 PSYoungGen      total 253952K, used 226144K [0x00000000eab00000, 0x00000000fc900000, 0x0000000100000000)
  eden space 220160K, 100% used [0x00000000eab00000,0x00000000f8200000,0x00000000f8200000)
  from space 33792K, 17% used [0x00000000fa800000,0x00000000fadd8000,0x00000000fc900000)
  to   space 36352K, 0% used [0x00000000f8200000,0x00000000f8200000,0x00000000fa580000)
 ParOldGen       total 598016K, used 396040K [0x00000000c0000000, 0x00000000e4800000, 0x00000000eab00000)
  object space 598016K, 66% used [0x00000000c0000000,0x00000000d82c2378,0x00000000e4800000)
 Metaspace       used 14600K, capacity 15336K, committed 15616K, reserved 1062912K
  class space    used 2130K, capacity 2259K, committed 2304K, reserved 1048576K
Event: 17.617 GC heap after
Heap after GC invocations=99 (full 36):
 PSYoungGen      total 256512K, used 6292K [0x00000000eab00000, 0x00000000fc680000, 0x0000000100000000)
  eden space 220160K, 0% used [0x00000000eab00000,0x00000000eab00000,0x00000000f8200000)
  from space 36352K, 17% used [0x00000000f8200000,0x00000000f88253f8,0x00000000fa580000)
  to   space 33792K, 0% used [0x00000000fa580000,0x00000000fa580000,0x00000000fc680000)
 ParOldGen       total 598016K, used 396040K [0x00000000c0000000, 0x00000000e4800000, 0x00000000eab00000)
  object space 598016K, 66% used [0x00000000c0000000,0x00000000d82c2378,0x00000000e4800000)
 Metaspace       used 14600K, capacity 15336K, committed 15616K, reserved 1062912K
  class space    used 2130K, capacity 2259K, committed 2304K, reserved 1048576K
}
Event: 17.735 GC heap before
{Heap before GC invocations=100 (full 36):
 PSYoungGen      total 256512K, used 226452K [0x00000000eab00000, 0x00000000fc680000, 0x0000000100000000)
  eden space 220160K, 100% used [0x00000000eab00000,0x00000000f8200000,0x00000000f8200000)
  from space 36352K, 17% used [0x00000000f8200000,0x00000000f88253f8,0x00000000fa580000)
  to   space 33792K, 0% used [0x00000000fa580000,0x00000000fa580000,0x00000000fc680000)
 ParOldGen       total 598016K, used 396040K [0x00000000c0000000, 0x00000000e4800000, 0x00000000eab00000)
  object space 598016K, 66% used [0x00000000c0000000,0x00000000d82c2378,0x00000000e4800000)
 Metaspace       used 14600K, capacity 15336K, committed 15616K, reserved 1062912K
  class space    used 2130K, capacity 2259K, committed 2304K, reserved 1048576K
Event: 17.739 GC heap after
Heap after GC invocations=100 (full 36):
 PSYoungGen      total 252416K, used 5056K [0x00000000eab00000, 0x00000000fc280000, 0x0000000100000000)
  eden space 222720K, 0% used [0x00000000eab00000,0x00000000eab00000,0x00000000f8480000)
  from space 29696K, 17% used [0x00000000fa580000,0x00000000faa70000,0x00000000fc280000)
  to   space 31744K, 0% used [0x00000000f8480000,0x00000000f8480000,0x00000000fa380000)
 ParOldGen       total 598016K, used 397658K [0x00000000c0000000, 0x00000000e4800000, 0x00000000eab00000)
  object space 598016K, 66% used [0x00000000c0000000,0x00000000d8456928,0x00000000e4800000)
 Metaspace       used 14600K, capacity 15336K, committed 15616K, reserved 1062912K
  class space    used 2130K, capacity 2259K, committed 2304K, reserved 1048576K
}
Event: 17.855 GC heap before
{Heap before GC invocations=101 (full 36):
 PSYoungGen      total 252416K, used 227776K [0x00000000eab00000, 0x00000000fc280000, 0x0000000100000000)
  eden space 222720K, 100% used [0x00000000eab00000,0x00000000f8480000,0x00000000f8480000)
  from space 29696K, 17% used [0x00000000fa580000,0x00000000faa70000,0x00000000fc280000)
  to   space 31744K, 0% used [0x00000000f8480000,0x00000000f8480000,0x00000000fa380000)
 ParOldGen       total 598016K, used 397658K [0x00000000c0000000, 0x00000000e4800000, 0x00000000eab00000)
  object space 598016K, 66% used [0x00000000c0000000,0x00000000d8456928,0x00000000e4800000)
 Metaspace       used 14600K, capacity 15336K, committed 15616K, reserved 1062912K
  class space    used 2130K, capacity 2259K, committed 2304K, reserved 1048576K
Event: 17.857 GC heap after
Heap after GC invocations=101 (full 36):
 PSYoungGen      total 254464K, used 5120K [0x00000000eab00000, 0x00000000fc200000, 0x0000000100000000)
  eden space 222720K, 0% used [0x00000000eab00000,0x00000000eab00000,0x00000000f8480000)
  from space 31744K, 16% used [0x00000000f8480000,0x00000000f8980000,0x00000000fa380000)
  to   space 30208K, 0% used [0x00000000fa480000,0x00000000fa480000,0x00000000fc200000)
 ParOldGen       total 598016K, used 398074K [0x00000000c0000000, 0x00000000e4800000, 0x00000000eab00000)
  object space 598016K, 66% used [0x00000000c0000000,0x00000000d84be928,0x00000000e4800000)
 Metaspace       used 14600K, capacity 15336K, committed 15616K, reserved 1062912K
  class space    used 2130K, capacity 2259K, committed 2304K, reserved 1048576K
}
Event: 17.983 GC heap before
{Heap before GC invocations=102 (full 36):
 PSYoungGen      total 254464K, used 227840K [0x00000000eab00000, 0x00000000fc200000, 0x0000000100000000)
  eden space 222720K, 100% used [0x00000000eab00000,0x00000000f8480000,0x00000000f8480000)
  from space 31744K, 16% used [0x00000000f8480000,0x00000000f8980000,0x00000000fa380000)
  to   space 30208K, 0% used [0x00000000fa480000,0x00000000fa480000,0x00000000fc200000)
 ParOldGen       total 598016K, used 398074K [0x00000000c0000000, 0x00000000e4800000, 0x00000000eab00000)
  object space 598016K, 66% used [0x00000000c0000000,0x00000000d84be928,0x00000000e4800000)
 Metaspace       used 14600K, capacity 15336K, committed 15616K, reserved 1062912K
  class space    used 2130K, capacity 2259K, committed 2304K, reserved 1048576K
Event: 17.986 GC heap after
Heap after GC invocations=102 (full 36):
 PSYoungGen      total 251392K, used 5088K [0x00000000eab00000, 0x00000000fbe00000, 0x0000000100000000)
  eden space 225280K, 0% used [0x00000000eab00000,0x00000000eab00000,0x00000000f8700000)
  from space 26112K, 19% used [0x00000000fa480000,0x00000000fa978000,0x00000000fbe00000)
  to   space 28160K, 0% used [0x00000000f8700000,0x00000000f8700000,0x00000000fa280000)
 ParOldGen       total 598016K, used 398362K [0x00000000c0000000, 0x00000000e4800000, 0x00000000eab00000)
  object space 598016K, 66% used [0x00000000c0000000,0x00000000d8506928,0x00000000e4800000)
 Metaspace       used 14600K, capacity 15336K, committed 15616K, reserved 1062912K
  class space    used 2130K, capacity 2259K, committed 2304K, reserved 1048576K
}
Event: 18.110 GC heap before
{Heap before GC invocations=103 (full 36):
 PSYoungGen      total 251392K, used 230368K [0x00000000eab00000, 0x00000000fbe00000, 0x0000000100000000)
  eden space 225280K, 100% used [0x00000000eab00000,0x00000000f8700000,0x00000000f8700000)
  from space 26112K, 19% used [0x00000000fa480000,0x00000000fa978000,0x00000000fbe00000)
  to   space 28160K, 0% used [0x00000000f8700000,0x00000000f8700000,0x00000000fa280000)
 ParOldGen       total 598016K, used 398362K [0x00000000c0000000, 0x00000000e4800000, 0x00000000eab00000)
  object space 598016K, 66% used [0x00000000c0000000,0x00000000d8506928,0x00000000e4800000)
 Metaspace       used 14600K, capacity 15336K, committed 15616K, reserved 1062912K
  class space    used 2130K, capacity 2259K, committed 2304K, reserved 1048576K
Event: 18.112 GC heap after
Heap after GC invocations=103 (full 36):
 PSYoungGen      total 253440K, used 5152K [0x00000000eab00000, 0x00000000fbd80000, 0x0000000100000000)
  eden space 225280K, 0% used [0x00000000eab00000,0x00000000eab00000,0x00000000f8700000)
  from space 28160K, 18% used [0x00000000f8700000,0x00000000f8c08000,0x00000000fa280000)
  to   space 26624K, 0% used [0x00000000fa380000,0x00000000fa380000,0x00000000fbd80000)
 ParOldGen       total 598016K, used 398714K [0x00000000c0000000, 0x00000000e4800000, 0x00000000eab00000)
  object space 598016K, 66% used [0x00000000c0000000,0x00000000d855e928,0x00000000e4800000)
 Metaspace       used 14600K, capacity 15336K, committed 15616K, reserved 1062912K
  class space    used 2130K, capacity 2259K, committed 2304K, reserved 1048576K
}

